2025-03-10 01:34:44 [background-preinit] INFO  o.h.validator.internal.util.Version - HV000001: Hibernate Validator 8.0.1.Final
2025-03-10 01:34:44 [main] INFO  c.b.p.m.MsconfigserverApplication - Starting MsconfigserverApplication using Java 17.0.12 with PID 26916 (E:\Bootcamp 59\config-server\target\classes started by Alicia in E:\Bootcamp 59\config-server)
2025-03-10 01:34:44 [main] INFO  c.b.p.m.MsconfigserverApplication - The following 1 profile is active: "local"
2025-03-10 01:34:46 [main] INFO  o.s.cloud.context.scope.GenericScope - BeanFactory id=bdca6a4c-79e7-3773-955d-e9df2a7a5366
2025-03-10 01:34:47 [main] INFO  o.s.b.w.e.tomcat.TomcatWebServer - Tomcat initialized with port(s): 8888 (http)
2025-03-10 01:34:47 [main] INFO  o.a.coyote.http11.Http11NioProtocol - Initializing ProtocolHandler ["http-nio-8888"]
2025-03-10 01:34:47 [main] INFO  o.a.catalina.core.StandardService - Starting service [Tomcat]
2025-03-10 01:34:47 [main] INFO  o.a.catalina.core.StandardEngine - Starting Servlet engine: [Apache Tomcat/10.1.12]
2025-03-10 01:34:47 [main] INFO  o.a.c.c.C.[Tomcat].[localhost].[/] - Initializing Spring embedded WebApplicationContext
2025-03-10 01:34:47 [main] INFO  o.s.b.w.s.c.ServletWebServerApplicationContext - Root WebApplicationContext: initialization completed in 2339 ms
2025-03-10 01:34:51 [main] INFO  o.s.b.a.e.web.EndpointLinksResolver - Exposing 15 endpoint(s) beneath base path '/actuator'
2025-03-10 01:34:51 [main] INFO  o.s.s.web.DefaultSecurityFilterChain - Will secure any request with [org.springframework.security.web.session.DisableEncodeUrlFilter@4a3509b0, org.springframework.security.web.context.request.async.WebAsyncManagerIntegrationFilter@3d7314b3, org.springframework.security.web.context.SecurityContextHolderFilter@5ac0bf84, org.springframework.security.web.header.HeaderWriterFilter@3580134d, org.springframework.web.filter.CorsFilter@d677be9, org.springframework.security.web.csrf.CsrfFilter@106802ea, org.springframework.security.web.authentication.logout.LogoutFilter@1c787389, org.springframework.security.web.authentication.UsernamePasswordAuthenticationFilter@563c3aca, org.springframework.security.web.authentication.ui.DefaultLoginPageGeneratingFilter@519b0f00, org.springframework.security.web.authentication.ui.DefaultLogoutPageGeneratingFilter@fefb66c, org.springframework.security.web.authentication.www.BasicAuthenticationFilter@29ea5e0, org.springframework.security.web.savedrequest.RequestCacheAwareFilter@6159fb3c, org.springframework.security.web.servletapi.SecurityContextHolderAwareRequestFilter@86bf90b, org.springframework.security.web.authentication.AnonymousAuthenticationFilter@6d7556a8, org.springframework.security.web.access.ExceptionTranslationFilter@76d1f6ea, org.springframework.security.web.access.intercept.AuthorizationFilter@3f6906f4]
2025-03-10 01:34:51 [main] INFO  o.a.coyote.http11.Http11NioProtocol - Starting ProtocolHandler ["http-nio-8888"]
2025-03-10 01:34:51 [main] INFO  o.s.b.w.e.tomcat.TomcatWebServer - Tomcat started on port(s): 8888 (http) with context path ''
2025-03-10 01:34:51 [main] INFO  c.b.p.m.MsconfigserverApplication - Started MsconfigserverApplication in 8.265 seconds (process running for 8.767)
2025-03-10 01:45:24 [http-nio-8888-exec-1] INFO  o.a.c.c.C.[Tomcat].[localhost].[/] - Initializing Spring DispatcherServlet 'dispatcherServlet'
2025-03-10 01:45:24 [http-nio-8888-exec-1] INFO  o.s.web.servlet.DispatcherServlet - Initializing Servlet 'dispatcherServlet'
2025-03-10 01:45:24 [http-nio-8888-exec-1] INFO  o.s.web.servlet.DispatcherServlet - Completed initialization in 2 ms
2025-03-10 01:45:25 [http-nio-8888-exec-1] INFO  o.s.c.c.s.e.NativeEnvironmentRepository - Adding property source: Config resource 'file [C:\Users\Alicia\AppData\Local\Temp\config-repo-5791018179567713024\ms-authentication.yml]' via location 'file:/C:/Users/Alicia/AppData/Local/Temp/config-repo-5791018179567713024/'
2025-03-10 01:54:12 [http-nio-8888-exec-3] INFO  o.s.c.c.s.e.NativeEnvironmentRepository - Adding property source: Config resource 'file [C:\Users\Alicia\AppData\Local\Temp\config-repo-5791018179567713024\ms-authentication.yml]' via location 'file:/C:/Users/Alicia/AppData/Local/Temp/config-repo-5791018179567713024/'
2025-03-10 01:55:45 [http-nio-8888-exec-5] INFO  o.s.c.c.s.e.NativeEnvironmentRepository - Adding property source: Config resource 'file [C:\Users\Alicia\AppData\Local\Temp\config-repo-5791018179567713024\ms-authentication.yml]' via location 'file:/C:/Users/Alicia/AppData/Local/Temp/config-repo-5791018179567713024/'
2025-03-10 02:02:24 [http-nio-8888-exec-7] INFO  o.s.c.c.s.e.NativeEnvironmentRepository - Adding property source: Config resource 'file [C:\Users\Alicia\AppData\Local\Temp\config-repo-5791018179567713024\ms-authentication.yml]' via location 'file:/C:/Users/Alicia/AppData/Local/Temp/config-repo-5791018179567713024/'
2025-03-10 02:10:57 [http-nio-8888-exec-3] INFO  o.s.c.c.s.e.NativeEnvironmentRepository - Adding property source: Config resource 'file [C:\Users\Alicia\AppData\Local\Temp\config-repo-5791018179567713024\ms-authentication.yml]' via location 'file:/C:/Users/Alicia/AppData/Local/Temp/config-repo-5791018179567713024/'
2025-03-10 02:12:55 [Thread-2] WARN  o.s.c.c.s.e.MultipleJGitEnvironmentRepository - Failed to delete temporary directory on exit: java.nio.file.AccessDeniedException: C:\Users\Alicia\AppData\Local\Temp\config-repo-5791018179567713024\.git\objects\pack\pack-cf36d16103dd44504716ef960831319b55048c97.idx
2025-03-10 02:12:58 [background-preinit] INFO  o.h.validator.internal.util.Version - HV000001: Hibernate Validator 8.0.1.Final
2025-03-10 02:12:58 [main] INFO  c.b.p.m.MsconfigserverApplication - Starting MsconfigserverApplication using Java 17.0.12 with PID 30408 (E:\Bootcamp 59\config-server\target\classes started by Alicia in E:\Bootcamp 59\config-server)
2025-03-10 02:12:58 [main] INFO  c.b.p.m.MsconfigserverApplication - The following 1 profile is active: "local"
2025-03-10 02:13:00 [main] INFO  o.s.cloud.context.scope.GenericScope - BeanFactory id=bdca6a4c-79e7-3773-955d-e9df2a7a5366
2025-03-10 02:13:00 [main] INFO  o.s.b.w.e.tomcat.TomcatWebServer - Tomcat initialized with port(s): 8888 (http)
2025-03-10 02:13:00 [main] INFO  o.a.coyote.http11.Http11NioProtocol - Initializing ProtocolHandler ["http-nio-8888"]
2025-03-10 02:13:00 [main] INFO  o.a.catalina.core.StandardService - Starting service [Tomcat]
2025-03-10 02:13:00 [main] INFO  o.a.catalina.core.StandardEngine - Starting Servlet engine: [Apache Tomcat/10.1.12]
2025-03-10 02:13:01 [main] INFO  o.a.c.c.C.[Tomcat].[localhost].[/] - Initializing Spring embedded WebApplicationContext
2025-03-10 02:13:01 [main] INFO  o.s.b.w.s.c.ServletWebServerApplicationContext - Root WebApplicationContext: initialization completed in 2153 ms
2025-03-10 02:13:04 [main] INFO  o.s.b.a.e.web.EndpointLinksResolver - Exposing 15 endpoint(s) beneath base path '/actuator'
2025-03-10 02:13:04 [main] INFO  o.s.s.web.DefaultSecurityFilterChain - Will secure any request with [org.springframework.security.web.session.DisableEncodeUrlFilter@6d7556a8, org.springframework.security.web.context.request.async.WebAsyncManagerIntegrationFilter@48860139, org.springframework.security.web.context.SecurityContextHolderFilter@37142579, org.springframework.security.web.header.HeaderWriterFilter@6fefc5ea, org.springframework.web.filter.CorsFilter@7e0883f3, org.springframework.security.web.csrf.CsrfFilter@23358740, org.springframework.security.web.authentication.logout.LogoutFilter@46fa2a7e, org.springframework.security.web.authentication.UsernamePasswordAuthenticationFilter@17a7d6c8, org.springframework.security.web.authentication.ui.DefaultLoginPageGeneratingFilter@36330be8, org.springframework.security.web.authentication.ui.DefaultLogoutPageGeneratingFilter@ca60688, org.springframework.security.web.authentication.www.BasicAuthenticationFilter@3d7314b3, org.springframework.security.web.savedrequest.RequestCacheAwareFilter@86bf90b, org.springframework.security.web.servletapi.SecurityContextHolderAwareRequestFilter@1031c1a0, org.springframework.security.web.authentication.AnonymousAuthenticationFilter@4ba1c1a2, org.springframework.security.web.access.ExceptionTranslationFilter@7b7e4b20, org.springframework.security.web.access.intercept.AuthorizationFilter@d229912]
2025-03-10 02:13:04 [main] INFO  o.a.coyote.http11.Http11NioProtocol - Starting ProtocolHandler ["http-nio-8888"]
2025-03-10 02:13:05 [main] INFO  o.s.b.w.e.tomcat.TomcatWebServer - Tomcat started on port(s): 8888 (http) with context path ''
2025-03-10 02:13:05 [main] INFO  c.b.p.m.MsconfigserverApplication - Started MsconfigserverApplication in 7.574 seconds (process running for 8.144)
2025-03-10 02:13:34 [http-nio-8888-exec-1] INFO  o.a.c.c.C.[Tomcat].[localhost].[/] - Initializing Spring DispatcherServlet 'dispatcherServlet'
2025-03-10 02:13:34 [http-nio-8888-exec-1] INFO  o.s.web.servlet.DispatcherServlet - Initializing Servlet 'dispatcherServlet'
2025-03-10 02:13:34 [http-nio-8888-exec-1] INFO  o.s.web.servlet.DispatcherServlet - Completed initialization in 2 ms
2025-03-10 02:13:35 [http-nio-8888-exec-1] INFO  o.s.c.c.s.e.NativeEnvironmentRepository - Adding property source: Config resource 'file [C:\Users\Alicia\AppData\Local\Temp\config-repo-4509668138890264965\gateway-service.yml]' via location 'file:/C:/Users/Alicia/AppData/Local/Temp/config-repo-4509668138890264965/'
2025-03-10 02:16:02 [http-nio-8888-exec-3] INFO  o.s.c.c.s.e.NativeEnvironmentRepository - Adding property source: Config resource 'file [C:\Users\Alicia\AppData\Local\Temp\config-repo-4509668138890264965\gateway-service.yml]' via location 'file:/C:/Users/Alicia/AppData/Local/Temp/config-repo-4509668138890264965/'
2025-03-10 02:16:22 [http-nio-8888-exec-4] INFO  o.s.c.c.s.e.NativeEnvironmentRepository - Adding property source: Config resource 'file [C:\Users\Alicia\AppData\Local\Temp\config-repo-4509668138890264965\ms-authentication.yml]' via location 'file:/C:/Users/Alicia/AppData/Local/Temp/config-repo-4509668138890264965/'
2025-03-10 02:27:17 [http-nio-8888-exec-7] INFO  o.s.c.c.s.e.NativeEnvironmentRepository - Adding property source: Config resource 'file [C:\Users\Alicia\AppData\Local\Temp\config-repo-4509668138890264965\ms-authentication.yml]' via location 'file:/C:/Users/Alicia/AppData/Local/Temp/config-repo-4509668138890264965/'
2025-03-10 03:03:39 [http-nio-8888-exec-9] INFO  o.s.c.c.s.e.NativeEnvironmentRepository - Adding property source: Config resource 'file [C:\Users\Alicia\AppData\Local\Temp\config-repo-4509668138890264965\gateway-service.yml]' via location 'file:/C:/Users/Alicia/AppData/Local/Temp/config-repo-4509668138890264965/'
2025-03-10 03:10:45 [Thread-2] WARN  o.s.c.c.s.e.MultipleJGitEnvironmentRepository - Failed to delete temporary directory on exit: java.nio.file.AccessDeniedException: C:\Users\Alicia\AppData\Local\Temp\config-repo-4509668138890264965\.git\objects\pack\pack-cadfbcb89dcc3cfdd1d1be2ea086f69b8c8799de.idx
2025-03-10 03:10:47 [background-preinit] INFO  o.h.validator.internal.util.Version - HV000001: Hibernate Validator 8.0.1.Final
2025-03-10 03:10:47 [main] INFO  c.b.p.m.MsconfigserverApplication - Starting MsconfigserverApplication using Java 17.0.12 with PID 20192 (E:\Bootcamp 59\config-server\target\classes started by Alicia in E:\Bootcamp 59\config-server)
2025-03-10 03:10:47 [main] INFO  c.b.p.m.MsconfigserverApplication - The following 1 profile is active: "local"
2025-03-10 03:10:49 [main] INFO  o.s.cloud.context.scope.GenericScope - BeanFactory id=bdca6a4c-79e7-3773-955d-e9df2a7a5366
2025-03-10 03:10:50 [main] INFO  o.s.b.w.e.tomcat.TomcatWebServer - Tomcat initialized with port(s): 8888 (http)
2025-03-10 03:10:50 [main] INFO  o.a.coyote.http11.Http11NioProtocol - Initializing ProtocolHandler ["http-nio-8888"]
2025-03-10 03:10:50 [main] INFO  o.a.catalina.core.StandardService - Starting service [Tomcat]
2025-03-10 03:10:50 [main] INFO  o.a.catalina.core.StandardEngine - Starting Servlet engine: [Apache Tomcat/10.1.12]
2025-03-10 03:10:50 [main] INFO  o.a.c.c.C.[Tomcat].[localhost].[/] - Initializing Spring embedded WebApplicationContext
2025-03-10 03:10:50 [main] INFO  o.s.b.w.s.c.ServletWebServerApplicationContext - Root WebApplicationContext: initialization completed in 2381 ms
2025-03-10 03:10:54 [main] INFO  o.s.b.a.e.web.EndpointLinksResolver - Exposing 15 endpoint(s) beneath base path '/actuator'
2025-03-10 03:10:54 [main] INFO  o.s.s.web.DefaultSecurityFilterChain - Will secure any request with [org.springframework.security.web.session.DisableEncodeUrlFilter@6d7556a8, org.springframework.security.web.context.request.async.WebAsyncManagerIntegrationFilter@48860139, org.springframework.security.web.context.SecurityContextHolderFilter@37142579, org.springframework.security.web.header.HeaderWriterFilter@6fefc5ea, org.springframework.web.filter.CorsFilter@7e0883f3, org.springframework.security.web.csrf.CsrfFilter@23358740, org.springframework.security.web.authentication.logout.LogoutFilter@46fa2a7e, org.springframework.security.web.authentication.UsernamePasswordAuthenticationFilter@17a7d6c8, org.springframework.security.web.authentication.ui.DefaultLoginPageGeneratingFilter@36330be8, org.springframework.security.web.authentication.ui.DefaultLogoutPageGeneratingFilter@ca60688, org.springframework.security.web.authentication.www.BasicAuthenticationFilter@3d7314b3, org.springframework.security.web.savedrequest.RequestCacheAwareFilter@86bf90b, org.springframework.security.web.servletapi.SecurityContextHolderAwareRequestFilter@1031c1a0, org.springframework.security.web.authentication.AnonymousAuthenticationFilter@4ba1c1a2, org.springframework.security.web.access.ExceptionTranslationFilter@7b7e4b20, org.springframework.security.web.access.intercept.AuthorizationFilter@d229912]
2025-03-10 03:10:54 [main] INFO  o.a.coyote.http11.Http11NioProtocol - Starting ProtocolHandler ["http-nio-8888"]
2025-03-10 03:10:54 [main] INFO  o.s.b.w.e.tomcat.TomcatWebServer - Tomcat started on port(s): 8888 (http) with context path ''
2025-03-10 03:10:54 [main] INFO  c.b.p.m.MsconfigserverApplication - Started MsconfigserverApplication in 7.953 seconds (process running for 8.49)
2025-03-10 03:11:41 [http-nio-8888-exec-1] INFO  o.a.c.c.C.[Tomcat].[localhost].[/] - Initializing Spring DispatcherServlet 'dispatcherServlet'
2025-03-10 03:11:41 [http-nio-8888-exec-1] INFO  o.s.web.servlet.DispatcherServlet - Initializing Servlet 'dispatcherServlet'
2025-03-10 03:11:41 [http-nio-8888-exec-1] INFO  o.s.web.servlet.DispatcherServlet - Completed initialization in 1 ms
2025-03-10 03:11:43 [http-nio-8888-exec-1] INFO  o.s.c.c.s.e.NativeEnvironmentRepository - Adding property source: Config resource 'file [C:\Users\Alicia\AppData\Local\Temp\config-repo-9113236128817761689\gateway-service.yml]' via location 'file:/C:/Users/Alicia/AppData/Local/Temp/config-repo-9113236128817761689/'
2025-03-10 03:12:24 [http-nio-8888-exec-2] INFO  o.s.c.c.s.e.NativeEnvironmentRepository - Adding property source: Config resource 'file [C:\Users\Alicia\AppData\Local\Temp\config-repo-9113236128817761689\ms-customer.yml]' via location 'file:/C:/Users/Alicia/AppData/Local/Temp/config-repo-9113236128817761689/'
2025-03-10 03:18:01 [http-nio-8888-exec-5] INFO  o.s.c.c.s.e.NativeEnvironmentRepository - Adding property source: Config resource 'file [C:\Users\Alicia\AppData\Local\Temp\config-repo-9113236128817761689\ms-customer.yml]' via location 'file:/C:/Users/Alicia/AppData/Local/Temp/config-repo-9113236128817761689/'
2025-03-10 03:21:48 [http-nio-8888-exec-7] INFO  o.s.c.c.s.e.NativeEnvironmentRepository - Adding property source: Config resource 'file [C:\Users\Alicia\AppData\Local\Temp\config-repo-9113236128817761689\ms-customer.yml]' via location 'file:/C:/Users/Alicia/AppData/Local/Temp/config-repo-9113236128817761689/'
2025-03-10 03:22:55 [http-nio-8888-exec-9] INFO  o.s.c.c.s.e.NativeEnvironmentRepository - Adding property source: Config resource 'file [C:\Users\Alicia\AppData\Local\Temp\config-repo-9113236128817761689\ms-customer.yml]' via location 'file:/C:/Users/Alicia/AppData/Local/Temp/config-repo-9113236128817761689/'
2025-03-10 03:30:00 [http-nio-8888-exec-1] INFO  o.s.c.c.s.e.NativeEnvironmentRepository - Adding property source: Config resource 'file [C:\Users\Alicia\AppData\Local\Temp\config-repo-9113236128817761689\ms-customer.yml]' via location 'file:/C:/Users/Alicia/AppData/Local/Temp/config-repo-9113236128817761689/'
2025-03-10 03:30:36 [http-nio-8888-exec-3] INFO  o.s.c.c.s.e.NativeEnvironmentRepository - Adding property source: Config resource 'file [C:\Users\Alicia\AppData\Local\Temp\config-repo-9113236128817761689\ms-customer.yml]' via location 'file:/C:/Users/Alicia/AppData/Local/Temp/config-repo-9113236128817761689/'
2025-03-10 03:36:15 [Thread-2] WARN  o.s.c.c.s.e.MultipleJGitEnvironmentRepository - Failed to delete temporary directory on exit: java.nio.file.AccessDeniedException: C:\Users\Alicia\AppData\Local\Temp\config-repo-9113236128817761689\.git\objects\pack\pack-3e9422aa5d1356f12a11374d6407e59ab0149c32.idx
2025-03-10 03:36:17 [background-preinit] INFO  o.h.validator.internal.util.Version - HV000001: Hibernate Validator 8.0.1.Final
2025-03-10 03:36:17 [main] INFO  c.b.p.m.MsconfigserverApplication - Starting MsconfigserverApplication using Java 17.0.12 with PID 14352 (E:\Bootcamp 59\config-server\target\classes started by Alicia in E:\Bootcamp 59\config-server)
2025-03-10 03:36:17 [main] INFO  c.b.p.m.MsconfigserverApplication - The following 1 profile is active: "local"
2025-03-10 03:36:19 [main] INFO  o.s.cloud.context.scope.GenericScope - BeanFactory id=bdca6a4c-79e7-3773-955d-e9df2a7a5366
2025-03-10 03:36:20 [main] INFO  o.s.b.w.e.tomcat.TomcatWebServer - Tomcat initialized with port(s): 8888 (http)
2025-03-10 03:36:20 [main] INFO  o.a.coyote.http11.Http11NioProtocol - Initializing ProtocolHandler ["http-nio-8888"]
2025-03-10 03:36:20 [main] INFO  o.a.catalina.core.StandardService - Starting service [Tomcat]
2025-03-10 03:36:20 [main] INFO  o.a.catalina.core.StandardEngine - Starting Servlet engine: [Apache Tomcat/10.1.12]
2025-03-10 03:36:20 [main] INFO  o.a.c.c.C.[Tomcat].[localhost].[/] - Initializing Spring embedded WebApplicationContext
2025-03-10 03:36:20 [main] INFO  o.s.b.w.s.c.ServletWebServerApplicationContext - Root WebApplicationContext: initialization completed in 2189 ms
2025-03-10 03:36:23 [main] INFO  o.s.b.a.e.web.EndpointLinksResolver - Exposing 15 endpoint(s) beneath base path '/actuator'
2025-03-10 03:36:23 [main] INFO  o.s.s.web.DefaultSecurityFilterChain - Will secure any request with [org.springframework.security.web.session.DisableEncodeUrlFilter@6d7556a8, org.springframework.security.web.context.request.async.WebAsyncManagerIntegrationFilter@48860139, org.springframework.security.web.context.SecurityContextHolderFilter@37142579, org.springframework.security.web.header.HeaderWriterFilter@6fefc5ea, org.springframework.web.filter.CorsFilter@7e0883f3, org.springframework.security.web.csrf.CsrfFilter@23358740, org.springframework.security.web.authentication.logout.LogoutFilter@46fa2a7e, org.springframework.security.web.authentication.UsernamePasswordAuthenticationFilter@17a7d6c8, org.springframework.security.web.authentication.ui.DefaultLoginPageGeneratingFilter@36330be8, org.springframework.security.web.authentication.ui.DefaultLogoutPageGeneratingFilter@ca60688, org.springframework.security.web.authentication.www.BasicAuthenticationFilter@3d7314b3, org.springframework.security.web.savedrequest.RequestCacheAwareFilter@86bf90b, org.springframework.security.web.servletapi.SecurityContextHolderAwareRequestFilter@1031c1a0, org.springframework.security.web.authentication.AnonymousAuthenticationFilter@4ba1c1a2, org.springframework.security.web.access.ExceptionTranslationFilter@7b7e4b20, org.springframework.security.web.access.intercept.AuthorizationFilter@d229912]
2025-03-10 03:36:23 [main] INFO  o.a.coyote.http11.Http11NioProtocol - Starting ProtocolHandler ["http-nio-8888"]
2025-03-10 03:36:23 [main] INFO  o.s.b.w.e.tomcat.TomcatWebServer - Tomcat started on port(s): 8888 (http) with context path ''
2025-03-10 03:36:24 [main] INFO  c.b.p.m.MsconfigserverApplication - Started MsconfigserverApplication in 7.428 seconds (process running for 7.969)
2025-03-10 03:36:37 [Thread-2] WARN  o.s.c.c.s.e.MultipleJGitEnvironmentRepository - Failed to delete temporary directory on exit: java.nio.file.AccessDeniedException: C:\Users\Alicia\AppData\Local\Temp\config-repo-12225171010726917215\.git\objects\pack\pack-d85e8b095a6e0d9d6190edc4d11cb34dcb9c4dc9.idx
2025-03-10 03:36:39 [background-preinit] INFO  o.h.validator.internal.util.Version - HV000001: Hibernate Validator 8.0.1.Final
2025-03-10 03:36:39 [main] INFO  c.b.p.m.MsconfigserverApplication - Starting MsconfigserverApplication using Java 17.0.12 with PID 23516 (E:\Bootcamp 59\config-server\target\classes started by Alicia in E:\Bootcamp 59\config-server)
2025-03-10 03:36:39 [main] INFO  c.b.p.m.MsconfigserverApplication - The following 1 profile is active: "local"
2025-03-10 03:36:41 [main] INFO  o.s.cloud.context.scope.GenericScope - BeanFactory id=bdca6a4c-79e7-3773-955d-e9df2a7a5366
2025-03-10 03:36:42 [main] INFO  o.s.b.w.e.tomcat.TomcatWebServer - Tomcat initialized with port(s): 8888 (http)
2025-03-10 03:36:42 [main] INFO  o.a.coyote.http11.Http11NioProtocol - Initializing ProtocolHandler ["http-nio-8888"]
2025-03-10 03:36:42 [main] INFO  o.a.catalina.core.StandardService - Starting service [Tomcat]
2025-03-10 03:36:42 [main] INFO  o.a.catalina.core.StandardEngine - Starting Servlet engine: [Apache Tomcat/10.1.12]
2025-03-10 03:36:42 [main] INFO  o.a.c.c.C.[Tomcat].[localhost].[/] - Initializing Spring embedded WebApplicationContext
2025-03-10 03:36:42 [main] INFO  o.s.b.w.s.c.ServletWebServerApplicationContext - Root WebApplicationContext: initialization completed in 2272 ms
2025-03-10 03:36:45 [main] INFO  o.s.b.a.e.web.EndpointLinksResolver - Exposing 15 endpoint(s) beneath base path '/actuator'
2025-03-10 03:36:45 [main] INFO  o.s.s.web.DefaultSecurityFilterChain - Will secure any request with [org.springframework.security.web.session.DisableEncodeUrlFilter@ca60688, org.springframework.security.web.context.request.async.WebAsyncManagerIntegrationFilter@4ba1c1a2, org.springframework.security.web.context.SecurityContextHolderFilter@5c13af01, org.springframework.security.web.header.HeaderWriterFilter@37142579, org.springframework.web.filter.CorsFilter@33568e26, org.springframework.security.web.csrf.CsrfFilter@6968bb65, org.springframework.security.web.authentication.logout.LogoutFilter@7977f046, org.springframework.security.web.authentication.UsernamePasswordAuthenticationFilter@c6244e7, org.springframework.security.web.authentication.ui.DefaultLoginPageGeneratingFilter@31dbf5bb, org.springframework.security.web.authentication.ui.DefaultLogoutPageGeneratingFilter@97b84a4, org.springframework.security.web.authentication.www.BasicAuthenticationFilter@6d7556a8, org.springframework.security.web.savedrequest.RequestCacheAwareFilter@47c5cbf2, org.springframework.security.web.servletapi.SecurityContextHolderAwareRequestFilter@217b0952, org.springframework.security.web.authentication.AnonymousAuthenticationFilter@35555145, org.springframework.security.web.access.ExceptionTranslationFilter@6159fb3c, org.springframework.security.web.access.intercept.AuthorizationFilter@3dd66ff5]
2025-03-10 03:36:46 [main] INFO  o.a.coyote.http11.Http11NioProtocol - Starting ProtocolHandler ["http-nio-8888"]
2025-03-10 03:36:46 [main] INFO  o.s.b.w.e.tomcat.TomcatWebServer - Tomcat started on port(s): 8888 (http) with context path ''
2025-03-10 03:36:46 [main] INFO  c.b.p.m.MsconfigserverApplication - Started MsconfigserverApplication in 7.558 seconds (process running for 8.11)
2025-03-10 03:36:55 [Thread-2] WARN  o.s.c.c.s.e.MultipleJGitEnvironmentRepository - Failed to delete temporary directory on exit: java.nio.file.AccessDeniedException: C:\Users\Alicia\AppData\Local\Temp\config-repo-6955570211833688234\.git\objects\pack\pack-d85e8b095a6e0d9d6190edc4d11cb34dcb9c4dc9.idx
2025-03-10 03:36:57 [background-preinit] INFO  o.h.validator.internal.util.Version - HV000001: Hibernate Validator 8.0.1.Final
2025-03-10 03:36:57 [main] INFO  c.b.p.m.MsconfigserverApplication - Starting MsconfigserverApplication using Java 17.0.12 with PID 9180 (E:\Bootcamp 59\config-server\target\classes started by Alicia in E:\Bootcamp 59\config-server)
2025-03-10 03:36:57 [main] INFO  c.b.p.m.MsconfigserverApplication - The following 1 profile is active: "local"
2025-03-10 03:36:59 [main] INFO  o.s.cloud.context.scope.GenericScope - BeanFactory id=bdca6a4c-79e7-3773-955d-e9df2a7a5366
2025-03-10 03:37:00 [main] INFO  o.s.b.w.e.tomcat.TomcatWebServer - Tomcat initialized with port(s): 8888 (http)
2025-03-10 03:37:00 [main] INFO  o.a.coyote.http11.Http11NioProtocol - Initializing ProtocolHandler ["http-nio-8888"]
2025-03-10 03:37:00 [main] INFO  o.a.catalina.core.StandardService - Starting service [Tomcat]
2025-03-10 03:37:00 [main] INFO  o.a.catalina.core.StandardEngine - Starting Servlet engine: [Apache Tomcat/10.1.12]
2025-03-10 03:37:00 [main] INFO  o.a.c.c.C.[Tomcat].[localhost].[/] - Initializing Spring embedded WebApplicationContext
2025-03-10 03:37:00 [main] INFO  o.s.b.w.s.c.ServletWebServerApplicationContext - Root WebApplicationContext: initialization completed in 2350 ms
2025-03-10 03:37:04 [main] INFO  o.s.b.a.e.web.EndpointLinksResolver - Exposing 15 endpoint(s) beneath base path '/actuator'
2025-03-10 03:37:04 [main] INFO  o.s.s.web.DefaultSecurityFilterChain - Will secure any request with [org.springframework.security.web.session.DisableEncodeUrlFilter@6d7556a8, org.springframework.security.web.context.request.async.WebAsyncManagerIntegrationFilter@48860139, org.springframework.security.web.context.SecurityContextHolderFilter@37142579, org.springframework.security.web.header.HeaderWriterFilter@6fefc5ea, org.springframework.web.filter.CorsFilter@7e0883f3, org.springframework.security.web.csrf.CsrfFilter@23358740, org.springframework.security.web.authentication.logout.LogoutFilter@46fa2a7e, org.springframework.security.web.authentication.UsernamePasswordAuthenticationFilter@17a7d6c8, org.springframework.security.web.authentication.ui.DefaultLoginPageGeneratingFilter@36330be8, org.springframework.security.web.authentication.ui.DefaultLogoutPageGeneratingFilter@ca60688, org.springframework.security.web.authentication.www.BasicAuthenticationFilter@3d7314b3, org.springframework.security.web.savedrequest.RequestCacheAwareFilter@86bf90b, org.springframework.security.web.servletapi.SecurityContextHolderAwareRequestFilter@1031c1a0, org.springframework.security.web.authentication.AnonymousAuthenticationFilter@4ba1c1a2, org.springframework.security.web.access.ExceptionTranslationFilter@7b7e4b20, org.springframework.security.web.access.intercept.AuthorizationFilter@d229912]
2025-03-10 03:37:04 [main] INFO  o.a.coyote.http11.Http11NioProtocol - Starting ProtocolHandler ["http-nio-8888"]
2025-03-10 03:37:04 [main] INFO  o.s.b.w.e.tomcat.TomcatWebServer - Tomcat started on port(s): 8888 (http) with context path ''
2025-03-10 03:37:05 [main] INFO  c.b.p.m.MsconfigserverApplication - Started MsconfigserverApplication in 8.353 seconds (process running for 8.91)
2025-03-10 03:37:25 [http-nio-8888-exec-1] INFO  o.a.c.c.C.[Tomcat].[localhost].[/] - Initializing Spring DispatcherServlet 'dispatcherServlet'
2025-03-10 03:37:25 [http-nio-8888-exec-1] INFO  o.s.web.servlet.DispatcherServlet - Initializing Servlet 'dispatcherServlet'
2025-03-10 03:37:25 [http-nio-8888-exec-1] INFO  o.s.web.servlet.DispatcherServlet - Completed initialization in 1 ms
2025-03-10 03:37:26 [http-nio-8888-exec-1] INFO  o.s.c.c.s.e.NativeEnvironmentRepository - Adding property source: Config resource 'file [C:\Users\Alicia\AppData\Local\Temp\config-repo-16240249954240781215\ms-customer.yml]' via location 'file:/C:/Users/Alicia/AppData/Local/Temp/config-repo-16240249954240781215/'
2025-03-10 03:38:36 [http-nio-8888-exec-5] INFO  o.s.c.c.s.e.NativeEnvironmentRepository - Adding property source: Config resource 'file [C:\Users\Alicia\AppData\Local\Temp\config-repo-16240249954240781215\ms-customer.yml]' via location 'file:/C:/Users/Alicia/AppData/Local/Temp/config-repo-16240249954240781215/'
2025-03-10 03:55:31 [Thread-2] WARN  o.s.c.c.s.e.MultipleJGitEnvironmentRepository - Failed to delete temporary directory on exit: java.nio.file.AccessDeniedException: C:\Users\Alicia\AppData\Local\Temp\config-repo-16240249954240781215\.git\objects\pack\pack-d85e8b095a6e0d9d6190edc4d11cb34dcb9c4dc9.idx
2025-03-10 03:55:39 [background-preinit] INFO  o.h.validator.internal.util.Version - HV000001: Hibernate Validator 8.0.1.Final
2025-03-10 03:55:39 [main] INFO  c.b.p.m.MsconfigserverApplication - Starting MsconfigserverApplication using Java 17.0.12 with PID 22668 (E:\Bootcamp 59\config-server\target\classes started by Alicia in E:\Bootcamp 59\config-server)
2025-03-10 03:55:39 [main] INFO  c.b.p.m.MsconfigserverApplication - The following 1 profile is active: "local"
2025-03-10 03:55:41 [main] INFO  o.s.cloud.context.scope.GenericScope - BeanFactory id=bdca6a4c-79e7-3773-955d-e9df2a7a5366
2025-03-10 03:55:41 [main] INFO  o.s.b.w.e.tomcat.TomcatWebServer - Tomcat initialized with port(s): 8888 (http)
2025-03-10 03:55:41 [main] INFO  o.a.coyote.http11.Http11NioProtocol - Initializing ProtocolHandler ["http-nio-8888"]
2025-03-10 03:55:41 [main] INFO  o.a.catalina.core.StandardService - Starting service [Tomcat]
2025-03-10 03:55:41 [main] INFO  o.a.catalina.core.StandardEngine - Starting Servlet engine: [Apache Tomcat/10.1.12]
2025-03-10 03:55:41 [main] INFO  o.a.c.c.C.[Tomcat].[localhost].[/] - Initializing Spring embedded WebApplicationContext
2025-03-10 03:55:41 [main] INFO  o.s.b.w.s.c.ServletWebServerApplicationContext - Root WebApplicationContext: initialization completed in 2292 ms
2025-03-10 03:55:45 [main] INFO  o.s.b.a.e.web.EndpointLinksResolver - Exposing 15 endpoint(s) beneath base path '/actuator'
2025-03-10 03:55:45 [main] INFO  o.s.s.web.DefaultSecurityFilterChain - Will secure any request with [org.springframework.security.web.session.DisableEncodeUrlFilter@6d7556a8, org.springframework.security.web.context.request.async.WebAsyncManagerIntegrationFilter@48860139, org.springframework.security.web.context.SecurityContextHolderFilter@37142579, org.springframework.security.web.header.HeaderWriterFilter@6fefc5ea, org.springframework.web.filter.CorsFilter@7e0883f3, org.springframework.security.web.csrf.CsrfFilter@23358740, org.springframework.security.web.authentication.logout.LogoutFilter@46fa2a7e, org.springframework.security.web.authentication.UsernamePasswordAuthenticationFilter@17a7d6c8, org.springframework.security.web.authentication.ui.DefaultLoginPageGeneratingFilter@36330be8, org.springframework.security.web.authentication.ui.DefaultLogoutPageGeneratingFilter@ca60688, org.springframework.security.web.authentication.www.BasicAuthenticationFilter@3d7314b3, org.springframework.security.web.savedrequest.RequestCacheAwareFilter@86bf90b, org.springframework.security.web.servletapi.SecurityContextHolderAwareRequestFilter@1031c1a0, org.springframework.security.web.authentication.AnonymousAuthenticationFilter@4ba1c1a2, org.springframework.security.web.access.ExceptionTranslationFilter@7b7e4b20, org.springframework.security.web.access.intercept.AuthorizationFilter@d229912]
2025-03-10 03:55:45 [main] INFO  o.a.coyote.http11.Http11NioProtocol - Starting ProtocolHandler ["http-nio-8888"]
2025-03-10 03:55:45 [main] INFO  o.s.b.w.e.tomcat.TomcatWebServer - Tomcat started on port(s): 8888 (http) with context path ''
2025-03-10 03:55:46 [main] INFO  c.b.p.m.MsconfigserverApplication - Started MsconfigserverApplication in 7.694 seconds (process running for 8.231)
2025-03-10 03:56:20 [http-nio-8888-exec-1] INFO  o.a.c.c.C.[Tomcat].[localhost].[/] - Initializing Spring DispatcherServlet 'dispatcherServlet'
2025-03-10 03:56:20 [http-nio-8888-exec-1] INFO  o.s.web.servlet.DispatcherServlet - Initializing Servlet 'dispatcherServlet'
2025-03-10 03:56:20 [http-nio-8888-exec-1] INFO  o.s.web.servlet.DispatcherServlet - Completed initialization in 1 ms
2025-03-10 03:56:21 [http-nio-8888-exec-1] INFO  o.s.c.c.s.e.NativeEnvironmentRepository - Adding property source: Config resource 'file [C:\Users\Alicia\AppData\Local\Temp\config-repo-14451093654662940000\gateway-service.yml]' via location 'file:/C:/Users/Alicia/AppData/Local/Temp/config-repo-14451093654662940000/'
2025-03-10 03:57:06 [http-nio-8888-exec-2] INFO  o.s.c.c.s.e.NativeEnvironmentRepository - Adding property source: Config resource 'file [C:\Users\Alicia\AppData\Local\Temp\config-repo-14451093654662940000\ms-credits.yml]' via location 'file:/C:/Users/Alicia/AppData/Local/Temp/config-repo-14451093654662940000/'
2025-03-10 03:58:46 [http-nio-8888-exec-8] INFO  o.s.c.c.s.e.NativeEnvironmentRepository - Adding property source: Config resource 'file [C:\Users\Alicia\AppData\Local\Temp\config-repo-14451093654662940000\ms-credits.yml]' via location 'file:/C:/Users/Alicia/AppData/Local/Temp/config-repo-14451093654662940000/'
2025-03-10 04:01:14 [http-nio-8888-exec-7] INFO  o.s.c.c.s.e.NativeEnvironmentRepository - Adding property source: Config resource 'file [C:\Users\Alicia\AppData\Local\Temp\config-repo-14451093654662940000\ms-credits.yml]' via location 'file:/C:/Users/Alicia/AppData/Local/Temp/config-repo-14451093654662940000/'
2025-03-10 04:06:50 [http-nio-8888-exec-6] INFO  o.s.c.c.s.e.NativeEnvironmentRepository - Adding property source: Config resource 'file [C:\Users\Alicia\AppData\Local\Temp\config-repo-14451093654662940000\ms-customer.yml]' via location 'file:/C:/Users/Alicia/AppData/Local/Temp/config-repo-14451093654662940000/'
2025-03-10 04:12:26 [http-nio-8888-exec-1] INFO  o.s.c.c.s.e.NativeEnvironmentRepository - Adding property source: Config resource 'file [C:\Users\Alicia\AppData\Local\Temp\config-repo-14451093654662940000\gateway-service.yml]' via location 'file:/C:/Users/Alicia/AppData/Local/Temp/config-repo-14451093654662940000/'
2025-03-10 04:25:01 [http-nio-8888-exec-3] INFO  o.s.c.c.s.e.MultipleJGitEnvironmentRepository - Fetched for remote master and found 1 updates
2025-03-10 04:25:01 [http-nio-8888-exec-3] INFO  o.s.c.c.s.e.NativeEnvironmentRepository - Adding property source: Config resource 'file [C:\Users\Alicia\AppData\Local\Temp\config-repo-14451093654662940000\gateway-service.yml]' via location 'file:/C:/Users/Alicia/AppData/Local/Temp/config-repo-14451093654662940000/'
2025-03-10 04:27:38 [http-nio-8888-exec-8] INFO  o.s.c.c.s.e.NativeEnvironmentRepository - Adding property source: Config resource 'file [C:\Users\Alicia\AppData\Local\Temp\config-repo-14451093654662940000\gateway-service.yml]' via location 'file:/C:/Users/Alicia/AppData/Local/Temp/config-repo-14451093654662940000/'
2025-03-10 04:41:28 [http-nio-8888-exec-7] INFO  o.s.c.c.s.e.NativeEnvironmentRepository - Adding property source: Config resource 'file [C:\Users\Alicia\AppData\Local\Temp\config-repo-14451093654662940000\gateway-service.yml]' via location 'file:/C:/Users/Alicia/AppData/Local/Temp/config-repo-14451093654662940000/'
2025-03-10 04:42:46 [http-nio-8888-exec-6] INFO  o.s.c.c.s.e.NativeEnvironmentRepository - Adding property source: Config resource 'file [C:\Users\Alicia\AppData\Local\Temp\config-repo-14451093654662940000\gateway-service.yml]' via location 'file:/C:/Users/Alicia/AppData/Local/Temp/config-repo-14451093654662940000/'
2025-03-10 04:46:08 [Thread-2] WARN  o.s.c.c.s.e.MultipleJGitEnvironmentRepository - Failed to delete temporary directory on exit: java.nio.file.AccessDeniedException: C:\Users\Alicia\AppData\Local\Temp\config-repo-14451093654662940000\.git\objects\pack\pack-43e8827d446427f717452ed63ae2b874ae34ca47.idx
2025-03-10 04:46:11 [background-preinit] INFO  o.h.validator.internal.util.Version - HV000001: Hibernate Validator 8.0.1.Final
2025-03-10 04:46:11 [main] INFO  c.b.p.m.MsconfigserverApplication - Starting MsconfigserverApplication using Java 17.0.12 with PID 26848 (E:\Bootcamp 59\config-server\target\classes started by Alicia in E:\Bootcamp 59\config-server)
2025-03-10 04:46:11 [main] INFO  c.b.p.m.MsconfigserverApplication - The following 1 profile is active: "local"
2025-03-10 04:46:13 [main] INFO  o.s.cloud.context.scope.GenericScope - BeanFactory id=bdca6a4c-79e7-3773-955d-e9df2a7a5366
2025-03-10 04:46:13 [main] INFO  o.s.b.w.e.tomcat.TomcatWebServer - Tomcat initialized with port(s): 8888 (http)
2025-03-10 04:46:13 [main] INFO  o.a.coyote.http11.Http11NioProtocol - Initializing ProtocolHandler ["http-nio-8888"]
2025-03-10 04:46:13 [main] INFO  o.a.catalina.core.StandardService - Starting service [Tomcat]
2025-03-10 04:46:13 [main] INFO  o.a.catalina.core.StandardEngine - Starting Servlet engine: [Apache Tomcat/10.1.12]
2025-03-10 04:46:13 [main] INFO  o.a.c.c.C.[Tomcat].[localhost].[/] - Initializing Spring embedded WebApplicationContext
2025-03-10 04:46:13 [main] INFO  o.s.b.w.s.c.ServletWebServerApplicationContext - Root WebApplicationContext: initialization completed in 2395 ms
2025-03-10 04:46:17 [main] INFO  o.s.b.a.e.web.EndpointLinksResolver - Exposing 15 endpoint(s) beneath base path '/actuator'
2025-03-10 04:46:17 [main] INFO  o.s.s.web.DefaultSecurityFilterChain - Will secure any request with [org.springframework.security.web.session.DisableEncodeUrlFilter@2dd2ff87, org.springframework.security.web.context.request.async.WebAsyncManagerIntegrationFilter@6a38e3d1, org.springframework.security.web.context.SecurityContextHolderFilter@301d84f6, org.springframework.security.web.header.HeaderWriterFilter@5ffd35dd, org.springframework.web.filter.CorsFilter@28cf179c, org.springframework.security.web.csrf.CsrfFilter@4bf10fe1, org.springframework.security.web.authentication.logout.LogoutFilter@69d021c1, org.springframework.security.web.authentication.UsernamePasswordAuthenticationFilter@73e399cc, org.springframework.security.web.authentication.ui.DefaultLoginPageGeneratingFilter@5d5cd210, org.springframework.security.web.authentication.ui.DefaultLogoutPageGeneratingFilter@bdda8a7, org.springframework.security.web.authentication.www.BasicAuthenticationFilter@188bf4d8, org.springframework.security.web.savedrequest.RequestCacheAwareFilter@674ed201, org.springframework.security.web.servletapi.SecurityContextHolderAwareRequestFilter@465d1345, org.springframework.security.web.authentication.AnonymousAuthenticationFilter@3149409c, org.springframework.security.web.access.ExceptionTranslationFilter@2c0a3826, org.springframework.security.web.access.intercept.AuthorizationFilter@6ab1f85b]
2025-03-10 04:46:17 [main] INFO  o.a.coyote.http11.Http11NioProtocol - Starting ProtocolHandler ["http-nio-8888"]
2025-03-10 04:46:17 [main] INFO  o.s.b.w.e.tomcat.TomcatWebServer - Tomcat started on port(s): 8888 (http) with context path ''
2025-03-10 04:46:18 [main] INFO  c.b.p.m.MsconfigserverApplication - Started MsconfigserverApplication in 7.614 seconds (process running for 8.172)
2025-03-10 04:47:11 [http-nio-8888-exec-1] INFO  o.a.c.c.C.[Tomcat].[localhost].[/] - Initializing Spring DispatcherServlet 'dispatcherServlet'
2025-03-10 04:47:11 [http-nio-8888-exec-1] INFO  o.s.web.servlet.DispatcherServlet - Initializing Servlet 'dispatcherServlet'
2025-03-10 04:47:11 [http-nio-8888-exec-1] INFO  o.s.web.servlet.DispatcherServlet - Completed initialization in 1 ms
2025-03-10 04:47:13 [http-nio-8888-exec-1] INFO  o.s.c.c.s.e.NativeEnvironmentRepository - Adding property source: Config resource 'file [C:\Users\Alicia\AppData\Local\Temp\config-repo-4388319759172835160\gateway-service.yml]' via location 'file:/C:/Users/Alicia/AppData/Local/Temp/config-repo-4388319759172835160/'
2025-03-10 04:50:27 [http-nio-8888-exec-3] INFO  o.s.c.c.s.e.NativeEnvironmentRepository - Adding property source: Config resource 'file [C:\Users\Alicia\AppData\Local\Temp\config-repo-4388319759172835160\ms-customer.yml]' via location 'file:/C:/Users/Alicia/AppData/Local/Temp/config-repo-4388319759172835160/'
2025-03-10 04:55:19 [http-nio-8888-exec-4] INFO  o.s.c.c.s.e.NativeEnvironmentRepository - Adding property source: Config resource 'file [C:\Users\Alicia\AppData\Local\Temp\config-repo-4388319759172835160\ms-customer.yml]' via location 'file:/C:/Users/Alicia/AppData/Local/Temp/config-repo-4388319759172835160/'
2025-03-10 05:00:03 [http-nio-8888-exec-7] INFO  o.s.c.c.s.e.NativeEnvironmentRepository - Adding property source: Config resource 'file [C:\Users\Alicia\AppData\Local\Temp\config-repo-4388319759172835160\gateway-service.yml]' via location 'file:/C:/Users/Alicia/AppData/Local/Temp/config-repo-4388319759172835160/'
2025-03-10 05:03:35 [http-nio-8888-exec-9] INFO  o.s.c.c.s.e.NativeEnvironmentRepository - Adding property source: Config resource 'file [C:\Users\Alicia\AppData\Local\Temp\config-repo-4388319759172835160\ms-credits.yml]' via location 'file:/C:/Users/Alicia/AppData/Local/Temp/config-repo-4388319759172835160/'
2025-03-10 05:07:15 [http-nio-8888-exec-1] INFO  o.s.c.c.s.e.NativeEnvironmentRepository - Adding property source: Config resource 'file [C:\Users\Alicia\AppData\Local\Temp\config-repo-4388319759172835160\ms-credits.yml]' via location 'file:/C:/Users/Alicia/AppData/Local/Temp/config-repo-4388319759172835160/'
2025-03-10 05:09:16 [http-nio-8888-exec-3] INFO  o.s.c.c.s.e.NativeEnvironmentRepository - Adding property source: Config resource 'file [C:\Users\Alicia\AppData\Local\Temp\config-repo-4388319759172835160\ms-credits.yml]' via location 'file:/C:/Users/Alicia/AppData/Local/Temp/config-repo-4388319759172835160/'
2025-03-10 05:15:44 [http-nio-8888-exec-4] INFO  o.s.c.c.s.e.NativeEnvironmentRepository - Adding property source: Config resource 'file [C:\Users\Alicia\AppData\Local\Temp\config-repo-4388319759172835160\ms-credits.yml]' via location 'file:/C:/Users/Alicia/AppData/Local/Temp/config-repo-4388319759172835160/'
2025-03-10 05:20:49 [http-nio-8888-exec-7] INFO  o.s.c.c.s.e.NativeEnvironmentRepository - Adding property source: Config resource 'file [C:\Users\Alicia\AppData\Local\Temp\config-repo-4388319759172835160\ms-credits.yml]' via location 'file:/C:/Users/Alicia/AppData/Local/Temp/config-repo-4388319759172835160/'
2025-03-10 05:22:17 [http-nio-8888-exec-9] INFO  o.s.c.c.s.e.NativeEnvironmentRepository - Adding property source: Config resource 'file [C:\Users\Alicia\AppData\Local\Temp\config-repo-4388319759172835160\ms-credits.yml]' via location 'file:/C:/Users/Alicia/AppData/Local/Temp/config-repo-4388319759172835160/'
2025-03-10 05:30:05 [http-nio-8888-exec-1] INFO  o.s.c.c.s.e.NativeEnvironmentRepository - Adding property source: Config resource 'file [C:\Users\Alicia\AppData\Local\Temp\config-repo-4388319759172835160\ms-credits.yml]' via location 'file:/C:/Users/Alicia/AppData/Local/Temp/config-repo-4388319759172835160/'
2025-03-10 05:34:28 [http-nio-8888-exec-3] INFO  o.s.c.c.s.e.NativeEnvironmentRepository - Adding property source: Config resource 'file [C:\Users\Alicia\AppData\Local\Temp\config-repo-4388319759172835160\ms-credits.yml]' via location 'file:/C:/Users/Alicia/AppData/Local/Temp/config-repo-4388319759172835160/'
2025-03-10 05:37:07 [http-nio-8888-exec-4] INFO  o.s.c.c.s.e.NativeEnvironmentRepository - Adding property source: Config resource 'file [C:\Users\Alicia\AppData\Local\Temp\config-repo-4388319759172835160\ms-credits.yml]' via location 'file:/C:/Users/Alicia/AppData/Local/Temp/config-repo-4388319759172835160/'
2025-03-10 14:00:24 [background-preinit] INFO  o.h.validator.internal.util.Version - HV000001: Hibernate Validator 8.0.1.Final
2025-03-10 14:00:24 [main] INFO  c.b.p.m.MsconfigserverApplication - Starting MsconfigserverApplication using Java 17.0.12 with PID 30092 (E:\Bootcamp59\config-server\target\classes started by Alicia in E:\Bootcamp59\config-server)
2025-03-10 14:00:24 [main] INFO  c.b.p.m.MsconfigserverApplication - The following 1 profile is active: "local"
2025-03-10 14:00:26 [main] INFO  o.s.cloud.context.scope.GenericScope - BeanFactory id=bdca6a4c-79e7-3773-955d-e9df2a7a5366
2025-03-10 14:00:26 [main] INFO  o.s.b.w.e.tomcat.TomcatWebServer - Tomcat initialized with port(s): 8888 (http)
2025-03-10 14:00:26 [main] INFO  o.a.coyote.http11.Http11NioProtocol - Initializing ProtocolHandler ["http-nio-8888"]
2025-03-10 14:00:26 [main] INFO  o.a.catalina.core.StandardService - Starting service [Tomcat]
2025-03-10 14:00:26 [main] INFO  o.a.catalina.core.StandardEngine - Starting Servlet engine: [Apache Tomcat/10.1.12]
2025-03-10 14:00:27 [main] INFO  o.a.c.c.C.[Tomcat].[localhost].[/] - Initializing Spring embedded WebApplicationContext
2025-03-10 14:00:27 [main] INFO  o.s.b.w.s.c.ServletWebServerApplicationContext - Root WebApplicationContext: initialization completed in 2464 ms
2025-03-10 14:00:30 [main] INFO  o.s.b.a.e.web.EndpointLinksResolver - Exposing 15 endpoint(s) beneath base path '/actuator'
2025-03-10 14:00:30 [main] INFO  o.s.s.web.DefaultSecurityFilterChain - Will secure any request with [org.springframework.security.web.session.DisableEncodeUrlFilter@2dd2ff87, org.springframework.security.web.context.request.async.WebAsyncManagerIntegrationFilter@6a38e3d1, org.springframework.security.web.context.SecurityContextHolderFilter@301d84f6, org.springframework.security.web.header.HeaderWriterFilter@5ffd35dd, org.springframework.web.filter.CorsFilter@28cf179c, org.springframework.security.web.csrf.CsrfFilter@4bf10fe1, org.springframework.security.web.authentication.logout.LogoutFilter@69d021c1, org.springframework.security.web.authentication.UsernamePasswordAuthenticationFilter@73e399cc, org.springframework.security.web.authentication.ui.DefaultLoginPageGeneratingFilter@5d5cd210, org.springframework.security.web.authentication.ui.DefaultLogoutPageGeneratingFilter@bdda8a7, org.springframework.security.web.authentication.www.BasicAuthenticationFilter@188bf4d8, org.springframework.security.web.savedrequest.RequestCacheAwareFilter@674ed201, org.springframework.security.web.servletapi.SecurityContextHolderAwareRequestFilter@465d1345, org.springframework.security.web.authentication.AnonymousAuthenticationFilter@3149409c, org.springframework.security.web.access.ExceptionTranslationFilter@2c0a3826, org.springframework.security.web.access.intercept.AuthorizationFilter@6ab1f85b]
2025-03-10 14:00:30 [main] INFO  o.a.coyote.http11.Http11NioProtocol - Starting ProtocolHandler ["http-nio-8888"]
2025-03-10 14:00:30 [main] INFO  o.s.b.w.e.tomcat.TomcatWebServer - Tomcat started on port(s): 8888 (http) with context path ''
2025-03-10 14:00:31 [main] INFO  c.b.p.m.MsconfigserverApplication - Started MsconfigserverApplication in 7.573 seconds (process running for 8.165)
2025-03-10 14:00:38 [http-nio-8888-exec-1] INFO  o.a.c.c.C.[Tomcat].[localhost].[/] - Initializing Spring DispatcherServlet 'dispatcherServlet'
2025-03-10 14:00:38 [http-nio-8888-exec-1] INFO  o.s.web.servlet.DispatcherServlet - Initializing Servlet 'dispatcherServlet'
2025-03-10 14:00:38 [http-nio-8888-exec-1] INFO  o.s.web.servlet.DispatcherServlet - Completed initialization in 2 ms
2025-03-10 14:00:39 [http-nio-8888-exec-1] INFO  o.s.c.c.s.e.NativeEnvironmentRepository - Adding property source: Config resource 'file [C:\Users\Alicia\AppData\Local\Temp\config-repo-1402380619184884008\ms-customer.yml]' via location 'file:/C:/Users/Alicia/AppData/Local/Temp/config-repo-1402380619184884008/'
2025-03-10 14:07:43 [http-nio-8888-exec-4] INFO  o.s.c.c.s.e.MultipleJGitEnvironmentRepository - Fetched for remote master and found 1 updates
2025-03-10 14:07:43 [http-nio-8888-exec-4] INFO  o.s.c.c.s.e.NativeEnvironmentRepository - Adding property source: Config resource 'file [C:\Users\Alicia\AppData\Local\Temp\config-repo-1402380619184884008\ms-authentication.yml]' via location 'file:/C:/Users/Alicia/AppData/Local/Temp/config-repo-1402380619184884008/'
2025-03-10 14:10:37 [http-nio-8888-exec-6] INFO  o.s.c.c.s.e.NativeEnvironmentRepository - Adding property source: Config resource 'file [C:\Users\Alicia\AppData\Local\Temp\config-repo-1402380619184884008\ms-customer.yml]' via location 'file:/C:/Users/Alicia/AppData/Local/Temp/config-repo-1402380619184884008/'
2025-03-10 14:12:21 [http-nio-8888-exec-8] INFO  o.s.c.c.s.e.NativeEnvironmentRepository - Adding property source: Config resource 'file [C:\Users\Alicia\AppData\Local\Temp\config-repo-1402380619184884008\ms-credits.yml]' via location 'file:/C:/Users/Alicia/AppData/Local/Temp/config-repo-1402380619184884008/'
2025-03-10 14:18:21 [http-nio-8888-exec-10] INFO  o.s.c.c.s.e.NativeEnvironmentRepository - Adding property source: Config resource 'file [C:\Users\Alicia\AppData\Local\Temp\config-repo-1402380619184884008\gateway-service.yml]' via location 'file:/C:/Users/Alicia/AppData/Local/Temp/config-repo-1402380619184884008/'
2025-03-10 14:22:25 [http-nio-8888-exec-1] INFO  o.s.c.c.s.e.NativeEnvironmentRepository - Adding property source: Config resource 'file [C:\Users\Alicia\AppData\Local\Temp\config-repo-1402380619184884008\ms-authentication.yml]' via location 'file:/C:/Users/Alicia/AppData/Local/Temp/config-repo-1402380619184884008/'
2025-03-10 14:24:26 [http-nio-8888-exec-4] INFO  o.s.c.c.s.e.NativeEnvironmentRepository - Adding property source: Config resource 'file [C:\Users\Alicia\AppData\Local\Temp\config-repo-1402380619184884008\ms-credits.yml]' via location 'file:/C:/Users/Alicia/AppData/Local/Temp/config-repo-1402380619184884008/'
2025-03-10 14:24:38 [http-nio-8888-exec-5] INFO  o.s.c.c.s.e.NativeEnvironmentRepository - Adding property source: Config resource 'file [C:\Users\Alicia\AppData\Local\Temp\config-repo-1402380619184884008\ms-customer.yml]' via location 'file:/C:/Users/Alicia/AppData/Local/Temp/config-repo-1402380619184884008/'
2025-03-10 14:32:54 [http-nio-8888-exec-8] INFO  o.s.c.c.s.e.NativeEnvironmentRepository - Adding property source: Config resource 'file [C:\Users\Alicia\AppData\Local\Temp\config-repo-1402380619184884008\gateway-service.yml]' via location 'file:/C:/Users/Alicia/AppData/Local/Temp/config-repo-1402380619184884008/'
2025-03-10 16:21:16 [http-nio-8888-exec-10] INFO  o.s.c.c.s.e.NativeEnvironmentRepository - Adding property source: Config resource 'file [C:\Users\Alicia\AppData\Local\Temp\config-repo-1402380619184884008\ms-credits.yml]' via location 'file:/C:/Users/Alicia/AppData/Local/Temp/config-repo-1402380619184884008/'
2025-03-10 16:39:33 [http-nio-8888-exec-1] INFO  o.s.c.c.s.e.MultipleJGitEnvironmentRepository - Fetched for remote master and found 1 updates
2025-03-10 16:39:33 [http-nio-8888-exec-1] INFO  o.s.c.c.s.e.NativeEnvironmentRepository - Adding property source: Config resource 'file [C:\Users\Alicia\AppData\Local\Temp\config-repo-1402380619184884008\ms-accounts.yml]' via location 'file:/C:/Users/Alicia/AppData/Local/Temp/config-repo-1402380619184884008/'
2025-03-10 16:40:51 [http-nio-8888-exec-4] INFO  o.s.c.c.s.e.NativeEnvironmentRepository - Adding property source: Config resource 'file [C:\Users\Alicia\AppData\Local\Temp\config-repo-1402380619184884008\ms-accounts.yml]' via location 'file:/C:/Users/Alicia/AppData/Local/Temp/config-repo-1402380619184884008/'
2025-03-10 16:43:23 [http-nio-8888-exec-6] INFO  o.s.c.c.s.e.NativeEnvironmentRepository - Adding property source: Config resource 'file [C:\Users\Alicia\AppData\Local\Temp\config-repo-1402380619184884008\ms-accounts.yml]' via location 'file:/C:/Users/Alicia/AppData/Local/Temp/config-repo-1402380619184884008/'
2025-03-10 16:56:52 [http-nio-8888-exec-1] INFO  o.s.c.c.s.e.MultipleJGitEnvironmentRepository - Fetched for remote master and found 1 updates
2025-03-10 16:56:52 [http-nio-8888-exec-1] INFO  o.s.c.c.s.e.NativeEnvironmentRepository - Adding property source: Config resource 'file [C:\Users\Alicia\AppData\Local\Temp\config-repo-1402380619184884008\ms-transactions.yml]' via location 'file:/C:/Users/Alicia/AppData/Local/Temp/config-repo-1402380619184884008/'
